{
  "stats": {
    "suites": 1,
    "tests": 8,
    "passes": 7,
    "pending": 0,
    "failures": 1,
    "start": "2025-06-30T17:43:24.813Z",
    "end": "2025-06-30T17:43:25.906Z",
    "duration": 1093,
    "testsRegistered": 8,
    "passPercent": 87.5,
    "pendingPercent": 0,
    "other": 0,
    "hasOther": false,
    "skipped": 0,
    "hasSkipped": false
  },
  "results": [
    {
      "uuid": "26490b51-bdbe-43e7-b6a8-1b7da1f7fa7f",
      "title": "",
      "fullFile": "cypress/integration/backend/backendTests.spec.js",
      "file": "cypress/integration/backend/backendTests.spec.js",
      "beforeHooks": [],
      "afterHooks": [],
      "tests": [],
      "suites": [
        {
          "uuid": "db6fcb32-67c6-4d94-934a-2a82009791da",
          "title": "Backend API Tests for Employee and Admin Role",
          "fullFile": "",
          "file": "",
          "beforeHooks": [],
          "afterHooks": [],
          "tests": [
            {
              "title": "should register a new employee",
              "fullTitle": "Backend API Tests for Employee and Admin Role should register a new employee",
              "timedOut": null,
              "duration": 161,
              "state": "passed",
              "speed": "fast",
              "pass": true,
              "fail": false,
              "pending": false,
              "context": null,
              "code": "cy.request(\"POST\", `${apiUrl}/auth/register`, {\n  username: employeeUsername,\n  // Use the dynamically generated username\n  password: employeePassword\n}).then(response => {\n  expect(response.status).to.eq(201);\n  expect(response.body).to.have.property(\"message\", \"User registered successfully\");\n});",
              "err": {},
              "uuid": "81b5b084-da76-440c-a32c-711d7843dca1",
              "parentUUID": "db6fcb32-67c6-4d94-934a-2a82009791da",
              "isHook": false,
              "skipped": false
            },
            {
              "title": "should login the employee with valid credentials",
              "fullTitle": "Backend API Tests for Employee and Admin Role should login the employee with valid credentials",
              "timedOut": null,
              "duration": 117,
              "state": "passed",
              "speed": "fast",
              "pass": true,
              "fail": false,
              "pending": false,
              "context": null,
              "code": "cy.request(\"POST\", `${apiUrl}/auth/login`, {\n  username: employeeUsername,\n  // Use the same username as registration\n  password: employeePassword // Use the same password as registration\n}).then(response => {\n  expect(response.status).to.eq(200);\n  expect(response.body).to.have.property(\"token\");\n  Cypress.env(\"employeeAuthToken\", response.body.token); // Store token in Cypress environment variable\n});",
              "err": {},
              "uuid": "63ee70ef-c83c-456a-9593-9c62443f5a66",
              "parentUUID": "db6fcb32-67c6-4d94-934a-2a82009791da",
              "isHook": false,
              "skipped": false
            },
            {
              "title": "should submit resignation for an employee",
              "fullTitle": "Backend API Tests for Employee and Admin Role should submit resignation for an employee",
              "timedOut": null,
              "duration": 33,
              "state": "passed",
              "speed": "fast",
              "pass": true,
              "fail": false,
              "pending": false,
              "context": null,
              "code": "const token = Cypress.env(\"employeeAuthToken\"); // Retrieve token from Cypress environment variable\ncy.request({\n  method: \"POST\",\n  url: `${apiUrl}/user/resign`,\n  headers: {\n    Authorization: `${token}`\n  },\n  body: {\n    lwd: \"2024-12-26\"\n  }\n}).then(response => {\n  expect(response.status).to.eq(200);\n  employeeResignationId = response.body.data.resignation._id; // Store resignation ID for approval\n});",
              "err": {},
              "uuid": "089694ff-b0b2-4e84-89a2-01968a08a5c5",
              "parentUUID": "db6fcb32-67c6-4d94-934a-2a82009791da",
              "isHook": false,
              "skipped": false
            },
            {
              "title": "should login as admin (HR)",
              "fullTitle": "Backend API Tests for Employee and Admin Role should login as admin (HR)",
              "timedOut": null,
              "duration": 106,
              "state": "passed",
              "speed": "fast",
              "pass": true,
              "fail": false,
              "pending": false,
              "context": null,
              "code": "cy.request(\"POST\", `${apiUrl}/auth/login`, {\n  username: \"admin\",\n  password: \"admin\"\n}).then(response => {\n  expect(response.status).to.eq(200);\n  expect(response.body).to.have.property(\"token\");\n  Cypress.env(\"adminAuthToken\", response.body.token); // Store admin token in Cypress environment variable\n});",
              "err": {},
              "uuid": "1f93cfba-de55-4bb7-b2b7-0510c1ab8782",
              "parentUUID": "db6fcb32-67c6-4d94-934a-2a82009791da",
              "isHook": false,
              "skipped": false
            },
            {
              "title": "should view all resignations submitted by employees as admin",
              "fullTitle": "Backend API Tests for Employee and Admin Role should view all resignations submitted by employees as admin",
              "timedOut": null,
              "duration": 30,
              "state": "passed",
              "speed": "fast",
              "pass": true,
              "fail": false,
              "pending": false,
              "context": null,
              "code": "const token = Cypress.env(\"adminAuthToken\"); // Retrieve admin token from Cypress environment variable\ncy.request({\n  method: \"GET\",\n  url: `${apiUrl}/admin/resignations`,\n  headers: {\n    Authorization: `${token}`\n  }\n}).then(response => {\n  expect(response.status).to.eq(200);\n  expect(response.body.data).to.be.an(\"array\");\n});",
              "err": {},
              "uuid": "2715ec29-4eed-406f-9477-acdb95a9881e",
              "parentUUID": "db6fcb32-67c6-4d94-934a-2a82009791da",
              "isHook": false,
              "skipped": false
            },
            {
              "title": "should approve the employee’s resignation as admin",
              "fullTitle": "Backend API Tests for Employee and Admin Role should approve the employee’s resignation as admin",
              "timedOut": null,
              "duration": 319,
              "state": "failed",
              "speed": null,
              "pass": false,
              "fail": true,
              "pending": false,
              "context": null,
              "code": "const token = Cypress.env(\"adminAuthToken\"); // Retrieve admin token from Cypress environment variable\ncy.request({\n  method: \"PUT\",\n  url: `${apiUrl}/admin/conclude_resignation`,\n  headers: {\n    Authorization: `${token}`\n  },\n  body: {\n    resignationId: employeeResignationId,\n    approved: true,\n    lwd: \"26 Dec 2024\"\n  }\n}).then(response => {\n  expect(response.status).to.eq(200);\n});",
              "err": {
                "message": "CypressError: `cy.request()` failed on:\n\nhttp://localhost:8080/api/admin/conclude_resignation\n\nThe response we received from your web server was:\n\n  > 500: Internal Server Error\n\nThis was considered a failure because the status code was not `2xx` or `3xx`.\n\nIf you do not want status codes to cause failures pass the option: `failOnStatusCode: false`\n\n-----------------------------------------------------------\n\nThe request we sent was:\n\nMethod: PUT\nURL: http://localhost:8080/api/admin/conclude_resignation\nHeaders: {\n  \"Connection\": \"keep-alive\",\n  \"Authorization\": \"eyJhbGciOiJIUzI1NiIsInR5cCI6IkpXVCJ9.eyJ1c2VySWQiOiI5OTczNjg5My01YjgxLTRkMWQtODU0YS1jNmI0NjIyODk1MjgiLCJ1c2VybmFtZSI6ImFkbWluIiwicm9sZSI6ImFkbWluIiwiaWF0IjoxNzUxMzA1NDA1LCJleHAiOjE3NTEzOTE4MDV9.5_wK3SfnUYh5dZInk07epsZMIcCecvHYeCWh0OBu0bY\",\n  \"user-agent\": \"Mozilla/5.0 (X11; Linux x86_64) AppleWebKit/537.36 (KHTML, like Gecko) Cypress/13.17.0 Chrome/118.0.5993.159 Electron/27.3.10 Safari/537.36\",\n  \"accept\": \"*/*\",\n  \"accept-encoding\": \"gzip, deflate\",\n  \"content-type\": \"application/json\",\n  \"content-length\": 92\n}\nBody: {\"resignationId\":\"9c9d160e-a3ca-4b73-8cbb-e18a22dbf6f2\",\"approved\":true,\"lwd\":\"26 Dec 2024\"}\n\n-----------------------------------------------------------\n\nThe response we got was:\n\nStatus: 500 - Internal Server Error\nHeaders: {\n  \"x-powered-by\": \"Express\",\n  \"content-type\": \"application/json; charset=utf-8\",\n  \"content-length\": \"33\",\n  \"etag\": \"W/\\\"21-u8tno/8IdqEY6PFcopkQe0syfE4\\\"\",\n  \"date\": \"Mon, 30 Jun 2025 17:43:25 GMT\",\n  \"connection\": \"keep-alive\",\n  \"keep-alive\": \"timeout=5\"\n}\nBody: {\n  \"error\": \"Internal server error\"\n}\n\n\nhttps://on.cypress.io/request",
                "estack": "CypressError: `cy.request()` failed on:\n\nhttp://localhost:8080/api/admin/conclude_resignation\n\nThe response we received from your web server was:\n\n  > 500: Internal Server Error\n\nThis was considered a failure because the status code was not `2xx` or `3xx`.\n\nIf you do not want status codes to cause failures pass the option: `failOnStatusCode: false`\n\n-----------------------------------------------------------\n\nThe request we sent was:\n\nMethod: PUT\nURL: http://localhost:8080/api/admin/conclude_resignation\nHeaders: {\n  \"Connection\": \"keep-alive\",\n  \"Authorization\": \"eyJhbGciOiJIUzI1NiIsInR5cCI6IkpXVCJ9.eyJ1c2VySWQiOiI5OTczNjg5My01YjgxLTRkMWQtODU0YS1jNmI0NjIyODk1MjgiLCJ1c2VybmFtZSI6ImFkbWluIiwicm9sZSI6ImFkbWluIiwiaWF0IjoxNzUxMzA1NDA1LCJleHAiOjE3NTEzOTE4MDV9.5_wK3SfnUYh5dZInk07epsZMIcCecvHYeCWh0OBu0bY\",\n  \"user-agent\": \"Mozilla/5.0 (X11; Linux x86_64) AppleWebKit/537.36 (KHTML, like Gecko) Cypress/13.17.0 Chrome/118.0.5993.159 Electron/27.3.10 Safari/537.36\",\n  \"accept\": \"*/*\",\n  \"accept-encoding\": \"gzip, deflate\",\n  \"content-type\": \"application/json\",\n  \"content-length\": 92\n}\nBody: {\"resignationId\":\"9c9d160e-a3ca-4b73-8cbb-e18a22dbf6f2\",\"approved\":true,\"lwd\":\"26 Dec 2024\"}\n\n-----------------------------------------------------------\n\nThe response we got was:\n\nStatus: 500 - Internal Server Error\nHeaders: {\n  \"x-powered-by\": \"Express\",\n  \"content-type\": \"application/json; charset=utf-8\",\n  \"content-length\": \"33\",\n  \"etag\": \"W/\\\"21-u8tno/8IdqEY6PFcopkQe0syfE4\\\"\",\n  \"date\": \"Mon, 30 Jun 2025 17:43:25 GMT\",\n  \"connection\": \"keep-alive\",\n  \"keep-alive\": \"timeout=5\"\n}\nBody: {\n  \"error\": \"Internal server error\"\n}\n\n\nhttps://on.cypress.io/request\n    at <unknown> (http://localhost:8080/__cypress/runner/cypress_runner.js:132876:72)\n    at tryCatcher (http://localhost:8080/__cypress/runner/cypress_runner.js:1830:23)\n    at Promise._settlePromiseFromHandler (http://localhost:8080/__cypress/runner/cypress_runner.js:1542:31)\n    at Promise._settlePromise (http://localhost:8080/__cypress/runner/cypress_runner.js:1599:18)\n    at Promise._settlePromise0 (http://localhost:8080/__cypress/runner/cypress_runner.js:1644:10)\n    at Promise._settlePromises (http://localhost:8080/__cypress/runner/cypress_runner.js:1724:18)\n    at _drainQueueStep (http://localhost:8080/__cypress/runner/cypress_runner.js:2430:12)\n    at _drainQueue (http://localhost:8080/__cypress/runner/cypress_runner.js:2423:9)\n    at Async._drainQueues (http://localhost:8080/__cypress/runner/cypress_runner.js:2439:5)\n    at Async.drainQueues (http://localhost:8080/__cypress/runner/cypress_runner.js:2309:14)\nFrom Your Spec Code:\n    at Context.eval (webpack://exitease/./cypress/integration/backend/backendTests.spec.js:77:7)",
                "diff": null
              },
              "uuid": "c8ba58cd-2480-4f36-b035-8ebeb1c51ac5",
              "parentUUID": "db6fcb32-67c6-4d94-934a-2a82009791da",
              "isHook": false,
              "skipped": false
            },
            {
              "title": "should allow the employee to submit responses to exit questionnaire",
              "fullTitle": "Backend API Tests for Employee and Admin Role should allow the employee to submit responses to exit questionnaire",
              "timedOut": null,
              "duration": 26,
              "state": "passed",
              "speed": "fast",
              "pass": true,
              "fail": false,
              "pending": false,
              "context": null,
              "code": "const token = Cypress.env(\"employeeAuthToken\"); // Retrieve employee token from Cypress environment variable\ncy.request({\n  method: \"POST\",\n  url: `${apiUrl}/user/responses`,\n  headers: {\n    Authorization: `${token}`\n  },\n  body: {\n    responses: [{\n      questionText: \"What prompted you to start looking for another job?\",\n      response: \"Lack of career growth opportunities\"\n    }, {\n      questionText: \"Would you recommend this company to others?\",\n      response: \"Yes, with some reservations\"\n    }]\n  }\n}).then(response => {\n  expect(response.status).to.eq(200);\n});",
              "err": {},
              "uuid": "eaed40b9-cef6-4a5d-b85c-e5352cade75f",
              "parentUUID": "db6fcb32-67c6-4d94-934a-2a82009791da",
              "isHook": false,
              "skipped": false
            },
            {
              "title": "should allow the admin to view all questionnaire responses",
              "fullTitle": "Backend API Tests for Employee and Admin Role should allow the admin to view all questionnaire responses",
              "timedOut": null,
              "duration": 34,
              "state": "passed",
              "speed": "fast",
              "pass": true,
              "fail": false,
              "pending": false,
              "context": null,
              "code": "const token = Cypress.env(\"adminAuthToken\"); // Retrieve admin token from Cypress environment variable\ncy.request({\n  method: \"GET\",\n  url: `${apiUrl}/admin/exit_responses`,\n  headers: {\n    Authorization: `${token}`\n  }\n}).then(response => {\n  expect(response.status).to.eq(200);\n  expect(response.body.data).to.be.an(\"array\");\n  // Find the specific response data that matches the expected responses\n  const expectedResponses = [{\n    questionText: \"What prompted you to start looking for another job?\",\n    response: \"Lack of career growth opportunities\"\n  }, {\n    questionText: \"Would you recommend this company to others?\",\n    response: \"Yes, with some reservations\"\n  }];\n  // Check if any of the data array includes the expected responses\n  const hasExpectedResponses = response.body.data.some(item => {\n    return item.responses.length === expectedResponses.length && item.responses.every((resp, index) => {\n      return resp.questionText === expectedResponses[index].questionText && resp.response === expectedResponses[index].response;\n    });\n  });\n  // Assert that the expected responses exist in the data\n  expect(hasExpectedResponses).to.be.true;\n});",
              "err": {},
              "uuid": "7c118c69-8c5a-496e-a636-48eb68808a45",
              "parentUUID": "db6fcb32-67c6-4d94-934a-2a82009791da",
              "isHook": false,
              "skipped": false
            }
          ],
          "suites": [],
          "passes": [
            "81b5b084-da76-440c-a32c-711d7843dca1",
            "63ee70ef-c83c-456a-9593-9c62443f5a66",
            "089694ff-b0b2-4e84-89a2-01968a08a5c5",
            "1f93cfba-de55-4bb7-b2b7-0510c1ab8782",
            "2715ec29-4eed-406f-9477-acdb95a9881e",
            "eaed40b9-cef6-4a5d-b85c-e5352cade75f",
            "7c118c69-8c5a-496e-a636-48eb68808a45"
          ],
          "failures": [
            "c8ba58cd-2480-4f36-b035-8ebeb1c51ac5"
          ],
          "pending": [],
          "skipped": [],
          "duration": 826,
          "root": false,
          "rootEmpty": false,
          "_timeout": 2000
        }
      ],
      "passes": [],
      "failures": [],
      "pending": [],
      "skipped": [],
      "duration": 0,
      "root": true,
      "rootEmpty": true,
      "_timeout": 2000
    }
  ],
  "meta": {
    "mocha": {
      "version": "7.0.1"
    },
    "mochawesome": {
      "options": {
        "quiet": false,
        "reportFilename": "my-report",
        "saveHtml": true,
        "saveJson": true,
        "consoleReporter": "spec",
        "useInlineDiffs": false,
        "code": true
      },
      "version": "7.1.3"
    },
    "marge": {
      "options": {
        "charts": true,
        "json": true,
        "reportsDir": "reports/your-reports-folder",
        "reportFilename": "my-report",
        "overwrite": false
      },
      "version": "6.2.0"
    }
  }
}