{
  "stats": {
    "suites": 1,
    "tests": 8,
    "passes": 4,
    "pending": 0,
    "failures": 4,
    "start": "2025-06-30T16:53:36.704Z",
    "end": "2025-06-30T16:53:38.323Z",
    "duration": 1619,
    "testsRegistered": 8,
    "passPercent": 50,
    "pendingPercent": 0,
    "other": 0,
    "hasOther": false,
    "skipped": 0,
    "hasSkipped": false
  },
  "results": [
    {
      "uuid": "6011dccd-62b9-4799-976b-fb7677b91e73",
      "title": "",
      "fullFile": "cypress/integration/backend/backendTests.spec.js",
      "file": "cypress/integration/backend/backendTests.spec.js",
      "beforeHooks": [],
      "afterHooks": [],
      "tests": [],
      "suites": [
        {
          "uuid": "e74ac084-8528-43c8-8fc3-2e125ed706aa",
          "title": "Backend API Tests for Employee and Admin Role",
          "fullFile": "",
          "file": "",
          "beforeHooks": [],
          "afterHooks": [],
          "tests": [
            {
              "title": "should register a new employee",
              "fullTitle": "Backend API Tests for Employee and Admin Role should register a new employee",
              "timedOut": null,
              "duration": 135,
              "state": "passed",
              "speed": "fast",
              "pass": true,
              "fail": false,
              "pending": false,
              "context": null,
              "code": "cy.request(\"POST\", `${apiUrl}/auth/register`, {\n  username: employeeUsername,\n  // Use the dynamically generated username\n  password: employeePassword\n}).then(response => {\n  expect(response.status).to.eq(201);\n  expect(response.body).to.have.property(\"message\", \"User registered successfully\");\n});",
              "err": {},
              "uuid": "ae9468f5-47e6-43e2-a75e-7167fefaafd9",
              "parentUUID": "e74ac084-8528-43c8-8fc3-2e125ed706aa",
              "isHook": false,
              "skipped": false
            },
            {
              "title": "should login the employee with valid credentials",
              "fullTitle": "Backend API Tests for Employee and Admin Role should login the employee with valid credentials",
              "timedOut": null,
              "duration": 101,
              "state": "passed",
              "speed": "fast",
              "pass": true,
              "fail": false,
              "pending": false,
              "context": null,
              "code": "cy.request(\"POST\", `${apiUrl}/auth/login`, {\n  username: employeeUsername,\n  // Use the same username as registration\n  password: employeePassword // Use the same password as registration\n}).then(response => {\n  expect(response.status).to.eq(200);\n  expect(response.body).to.have.property(\"token\");\n  Cypress.env(\"employeeAuthToken\", response.body.token); // Store token in Cypress environment variable\n});",
              "err": {},
              "uuid": "e2aafafe-4055-41b8-a3cb-934d0591501b",
              "parentUUID": "e74ac084-8528-43c8-8fc3-2e125ed706aa",
              "isHook": false,
              "skipped": false
            },
            {
              "title": "should submit resignation for an employee",
              "fullTitle": "Backend API Tests for Employee and Admin Role should submit resignation for an employee",
              "timedOut": null,
              "duration": 24,
              "state": "passed",
              "speed": "fast",
              "pass": true,
              "fail": false,
              "pending": false,
              "context": null,
              "code": "const token = Cypress.env(\"employeeAuthToken\"); // Retrieve token from Cypress environment variable\ncy.request({\n  method: \"POST\",\n  url: `${apiUrl}/user/resign`,\n  headers: {\n    Authorization: `Bearer ${token}`\n  },\n  body: {\n    lwd: \"2024-12-26\"\n  }\n}).then(response => {\n  expect(response.status).to.eq(200);\n  employeeResignationId = response.body.data.resignation._id; // Store resignation ID for approval\n});",
              "err": {},
              "uuid": "885ab854-cc6f-4884-8c70-5514a22c57a3",
              "parentUUID": "e74ac084-8528-43c8-8fc3-2e125ed706aa",
              "isHook": false,
              "skipped": false
            },
            {
              "title": "should login as admin (HR)",
              "fullTitle": "Backend API Tests for Employee and Admin Role should login as admin (HR)",
              "timedOut": null,
              "duration": 102,
              "state": "passed",
              "speed": "fast",
              "pass": true,
              "fail": false,
              "pending": false,
              "context": null,
              "code": "cy.request(\"POST\", `${apiUrl}/auth/login`, {\n  username: \"admin\",\n  password: \"admin\"\n}).then(response => {\n  expect(response.status).to.eq(200);\n  expect(response.body).to.have.property(\"token\");\n  Cypress.env(\"adminAuthToken\", response.body.token); // Store admin token in Cypress environment variable\n});",
              "err": {},
              "uuid": "49a86d6c-b62e-425d-a81c-8b87972233bb",
              "parentUUID": "e74ac084-8528-43c8-8fc3-2e125ed706aa",
              "isHook": false,
              "skipped": false
            },
            {
              "title": "should view all resignations submitted by employees as admin",
              "fullTitle": "Backend API Tests for Employee and Admin Role should view all resignations submitted by employees as admin",
              "timedOut": null,
              "duration": 331,
              "state": "failed",
              "speed": null,
              "pass": false,
              "fail": true,
              "pending": false,
              "context": null,
              "code": "const token = Cypress.env(\"adminAuthToken\"); // Retrieve admin token from Cypress environment variable\ncy.request({\n  method: \"GET\",\n  url: `${apiUrl}/admin/resignations`,\n  headers: {\n    Authorization: `${token}`\n  }\n}).then(response => {\n  expect(response.status).to.eq(200);\n  expect(response.body.data).to.be.an(\"array\");\n});",
              "err": {
                "message": "CypressError: `cy.request()` failed on:\n\nhttp://localhost:8080/api/admin/resignations\n\nThe response we received from your web server was:\n\n  > 401: Unauthorized\n\nThis was considered a failure because the status code was not `2xx` or `3xx`.\n\nIf you do not want status codes to cause failures pass the option: `failOnStatusCode: false`\n\n-----------------------------------------------------------\n\nThe request we sent was:\n\nMethod: GET\nURL: http://localhost:8080/api/admin/resignations\nHeaders: {\n  \"Connection\": \"keep-alive\",\n  \"Authorization\": \"eyJhbGciOiJIUzI1NiIsInR5cCI6IkpXVCJ9.eyJ1c2VySWQiOiIxZTVkMWE4ZC03MGFlLTRjYzYtOGM1Ni0xMWY1ZjBiYWExYTAiLCJ1c2VybmFtZSI6ImFkbWluIiwicm9sZSI6ImFkbWluIiwiaWF0IjoxNzUxMzAyNDE3LCJleHAiOjE3NTEzODg4MTd9.GlFQUVcfefYGaXe21D94ZdCt7pYzLenyAG51gzMACHc\",\n  \"user-agent\": \"Mozilla/5.0 (X11; Linux x86_64) AppleWebKit/537.36 (KHTML, like Gecko) Cypress/13.17.0 Chrome/118.0.5993.159 Electron/27.3.10 Safari/537.36\",\n  \"accept\": \"*/*\",\n  \"accept-encoding\": \"gzip, deflate\"\n}\n\n-----------------------------------------------------------\n\nThe response we got was:\n\nStatus: 401 - Unauthorized\nHeaders: {\n  \"x-powered-by\": \"Express\",\n  \"content-type\": \"application/json; charset=utf-8\",\n  \"content-length\": \"33\",\n  \"etag\": \"W/\\\"21-6owo7T9qtYgtRGCCIjw6WxSIQI4\\\"\",\n  \"date\": \"Mon, 30 Jun 2025 16:53:37 GMT\",\n  \"connection\": \"keep-alive\",\n  \"keep-alive\": \"timeout=5\"\n}\nBody: {\n  \"error\": \"Access token required\"\n}\n\n\nhttps://on.cypress.io/request",
                "estack": "CypressError: `cy.request()` failed on:\n\nhttp://localhost:8080/api/admin/resignations\n\nThe response we received from your web server was:\n\n  > 401: Unauthorized\n\nThis was considered a failure because the status code was not `2xx` or `3xx`.\n\nIf you do not want status codes to cause failures pass the option: `failOnStatusCode: false`\n\n-----------------------------------------------------------\n\nThe request we sent was:\n\nMethod: GET\nURL: http://localhost:8080/api/admin/resignations\nHeaders: {\n  \"Connection\": \"keep-alive\",\n  \"Authorization\": \"eyJhbGciOiJIUzI1NiIsInR5cCI6IkpXVCJ9.eyJ1c2VySWQiOiIxZTVkMWE4ZC03MGFlLTRjYzYtOGM1Ni0xMWY1ZjBiYWExYTAiLCJ1c2VybmFtZSI6ImFkbWluIiwicm9sZSI6ImFkbWluIiwiaWF0IjoxNzUxMzAyNDE3LCJleHAiOjE3NTEzODg4MTd9.GlFQUVcfefYGaXe21D94ZdCt7pYzLenyAG51gzMACHc\",\n  \"user-agent\": \"Mozilla/5.0 (X11; Linux x86_64) AppleWebKit/537.36 (KHTML, like Gecko) Cypress/13.17.0 Chrome/118.0.5993.159 Electron/27.3.10 Safari/537.36\",\n  \"accept\": \"*/*\",\n  \"accept-encoding\": \"gzip, deflate\"\n}\n\n-----------------------------------------------------------\n\nThe response we got was:\n\nStatus: 401 - Unauthorized\nHeaders: {\n  \"x-powered-by\": \"Express\",\n  \"content-type\": \"application/json; charset=utf-8\",\n  \"content-length\": \"33\",\n  \"etag\": \"W/\\\"21-6owo7T9qtYgtRGCCIjw6WxSIQI4\\\"\",\n  \"date\": \"Mon, 30 Jun 2025 16:53:37 GMT\",\n  \"connection\": \"keep-alive\",\n  \"keep-alive\": \"timeout=5\"\n}\nBody: {\n  \"error\": \"Access token required\"\n}\n\n\nhttps://on.cypress.io/request\n    at <unknown> (http://localhost:8080/__cypress/runner/cypress_runner.js:132876:72)\n    at tryCatcher (http://localhost:8080/__cypress/runner/cypress_runner.js:1830:23)\n    at Promise._settlePromiseFromHandler (http://localhost:8080/__cypress/runner/cypress_runner.js:1542:31)\n    at Promise._settlePromise (http://localhost:8080/__cypress/runner/cypress_runner.js:1599:18)\n    at Promise._settlePromise0 (http://localhost:8080/__cypress/runner/cypress_runner.js:1644:10)\n    at Promise._settlePromises (http://localhost:8080/__cypress/runner/cypress_runner.js:1724:18)\n    at _drainQueueStep (http://localhost:8080/__cypress/runner/cypress_runner.js:2430:12)\n    at _drainQueue (http://localhost:8080/__cypress/runner/cypress_runner.js:2423:9)\n    at Async._drainQueues (http://localhost:8080/__cypress/runner/cypress_runner.js:2439:5)\n    at Async.drainQueues (http://localhost:8080/__cypress/runner/cypress_runner.js:2309:14)\nFrom Your Spec Code:\n    at Context.eval (webpack://exitease/./cypress/integration/backend/backendTests.spec.js:63:7)",
                "diff": null
              },
              "uuid": "71edbeb5-9012-4641-91d0-4e0b8ca6cdc1",
              "parentUUID": "e74ac084-8528-43c8-8fc3-2e125ed706aa",
              "isHook": false,
              "skipped": false
            },
            {
              "title": "should approve the employee’s resignation as admin",
              "fullTitle": "Backend API Tests for Employee and Admin Role should approve the employee’s resignation as admin",
              "timedOut": null,
              "duration": 187,
              "state": "failed",
              "speed": null,
              "pass": false,
              "fail": true,
              "pending": false,
              "context": null,
              "code": "const token = Cypress.env(\"adminAuthToken\"); // Retrieve admin token from Cypress environment variable\ncy.request({\n  method: \"PUT\",\n  url: `${apiUrl}/admin/conclude_resignation`,\n  headers: {\n    Authorization: `${token}`\n  },\n  body: {\n    resignationId: employeeResignationId,\n    approved: true,\n    lwd: \"26 Dec 2024\"\n  }\n}).then(response => {\n  expect(response.status).to.eq(200);\n});",
              "err": {
                "message": "CypressError: `cy.request()` failed on:\n\nhttp://localhost:8080/api/admin/conclude_resignation\n\nThe response we received from your web server was:\n\n  > 401: Unauthorized\n\nThis was considered a failure because the status code was not `2xx` or `3xx`.\n\nIf you do not want status codes to cause failures pass the option: `failOnStatusCode: false`\n\n-----------------------------------------------------------\n\nThe request we sent was:\n\nMethod: PUT\nURL: http://localhost:8080/api/admin/conclude_resignation\nHeaders: {\n  \"Connection\": \"keep-alive\",\n  \"Authorization\": \"eyJhbGciOiJIUzI1NiIsInR5cCI6IkpXVCJ9.eyJ1c2VySWQiOiIxZTVkMWE4ZC03MGFlLTRjYzYtOGM1Ni0xMWY1ZjBiYWExYTAiLCJ1c2VybmFtZSI6ImFkbWluIiwicm9sZSI6ImFkbWluIiwiaWF0IjoxNzUxMzAyNDE3LCJleHAiOjE3NTEzODg4MTd9.GlFQUVcfefYGaXe21D94ZdCt7pYzLenyAG51gzMACHc\",\n  \"user-agent\": \"Mozilla/5.0 (X11; Linux x86_64) AppleWebKit/537.36 (KHTML, like Gecko) Cypress/13.17.0 Chrome/118.0.5993.159 Electron/27.3.10 Safari/537.36\",\n  \"accept\": \"*/*\",\n  \"accept-encoding\": \"gzip, deflate\",\n  \"content-type\": \"application/json\",\n  \"content-length\": 92\n}\nBody: {\"resignationId\":\"a0f053e6-c12b-4c95-8d49-086bfa110c39\",\"approved\":true,\"lwd\":\"26 Dec 2024\"}\n\n-----------------------------------------------------------\n\nThe response we got was:\n\nStatus: 401 - Unauthorized\nHeaders: {\n  \"x-powered-by\": \"Express\",\n  \"content-type\": \"application/json; charset=utf-8\",\n  \"content-length\": \"33\",\n  \"etag\": \"W/\\\"21-6owo7T9qtYgtRGCCIjw6WxSIQI4\\\"\",\n  \"date\": \"Mon, 30 Jun 2025 16:53:37 GMT\",\n  \"connection\": \"keep-alive\",\n  \"keep-alive\": \"timeout=5\"\n}\nBody: {\n  \"error\": \"Access token required\"\n}\n\n\nhttps://on.cypress.io/request",
                "estack": "CypressError: `cy.request()` failed on:\n\nhttp://localhost:8080/api/admin/conclude_resignation\n\nThe response we received from your web server was:\n\n  > 401: Unauthorized\n\nThis was considered a failure because the status code was not `2xx` or `3xx`.\n\nIf you do not want status codes to cause failures pass the option: `failOnStatusCode: false`\n\n-----------------------------------------------------------\n\nThe request we sent was:\n\nMethod: PUT\nURL: http://localhost:8080/api/admin/conclude_resignation\nHeaders: {\n  \"Connection\": \"keep-alive\",\n  \"Authorization\": \"eyJhbGciOiJIUzI1NiIsInR5cCI6IkpXVCJ9.eyJ1c2VySWQiOiIxZTVkMWE4ZC03MGFlLTRjYzYtOGM1Ni0xMWY1ZjBiYWExYTAiLCJ1c2VybmFtZSI6ImFkbWluIiwicm9sZSI6ImFkbWluIiwiaWF0IjoxNzUxMzAyNDE3LCJleHAiOjE3NTEzODg4MTd9.GlFQUVcfefYGaXe21D94ZdCt7pYzLenyAG51gzMACHc\",\n  \"user-agent\": \"Mozilla/5.0 (X11; Linux x86_64) AppleWebKit/537.36 (KHTML, like Gecko) Cypress/13.17.0 Chrome/118.0.5993.159 Electron/27.3.10 Safari/537.36\",\n  \"accept\": \"*/*\",\n  \"accept-encoding\": \"gzip, deflate\",\n  \"content-type\": \"application/json\",\n  \"content-length\": 92\n}\nBody: {\"resignationId\":\"a0f053e6-c12b-4c95-8d49-086bfa110c39\",\"approved\":true,\"lwd\":\"26 Dec 2024\"}\n\n-----------------------------------------------------------\n\nThe response we got was:\n\nStatus: 401 - Unauthorized\nHeaders: {\n  \"x-powered-by\": \"Express\",\n  \"content-type\": \"application/json; charset=utf-8\",\n  \"content-length\": \"33\",\n  \"etag\": \"W/\\\"21-6owo7T9qtYgtRGCCIjw6WxSIQI4\\\"\",\n  \"date\": \"Mon, 30 Jun 2025 16:53:37 GMT\",\n  \"connection\": \"keep-alive\",\n  \"keep-alive\": \"timeout=5\"\n}\nBody: {\n  \"error\": \"Access token required\"\n}\n\n\nhttps://on.cypress.io/request\n    at <unknown> (http://localhost:8080/__cypress/runner/cypress_runner.js:132876:72)\n    at tryCatcher (http://localhost:8080/__cypress/runner/cypress_runner.js:1830:23)\n    at Promise._settlePromiseFromHandler (http://localhost:8080/__cypress/runner/cypress_runner.js:1542:31)\n    at Promise._settlePromise (http://localhost:8080/__cypress/runner/cypress_runner.js:1599:18)\n    at Promise._settlePromise0 (http://localhost:8080/__cypress/runner/cypress_runner.js:1644:10)\n    at Promise._settlePromises (http://localhost:8080/__cypress/runner/cypress_runner.js:1724:18)\n    at _drainQueueStep (http://localhost:8080/__cypress/runner/cypress_runner.js:2430:12)\n    at _drainQueue (http://localhost:8080/__cypress/runner/cypress_runner.js:2423:9)\n    at Async._drainQueues (http://localhost:8080/__cypress/runner/cypress_runner.js:2439:5)\n    at Async.drainQueues (http://localhost:8080/__cypress/runner/cypress_runner.js:2309:14)\nFrom Your Spec Code:\n    at Context.eval (webpack://exitease/./cypress/integration/backend/backendTests.spec.js:77:7)",
                "diff": null
              },
              "uuid": "cb64e76f-649e-4b35-9f82-5bd030cd54f2",
              "parentUUID": "e74ac084-8528-43c8-8fc3-2e125ed706aa",
              "isHook": false,
              "skipped": false
            },
            {
              "title": "should allow the employee to submit responses to exit questionnaire",
              "fullTitle": "Backend API Tests for Employee and Admin Role should allow the employee to submit responses to exit questionnaire",
              "timedOut": null,
              "duration": 193,
              "state": "failed",
              "speed": null,
              "pass": false,
              "fail": true,
              "pending": false,
              "context": null,
              "code": "const token = Cypress.env(\"employeeAuthToken\"); // Retrieve employee token from Cypress environment variable\ncy.request({\n  method: \"POST\",\n  url: `${apiUrl}/user/responses`,\n  headers: {\n    Authorization: `${token}`\n  },\n  body: {\n    responses: [{\n      questionText: \"What prompted you to start looking for another job?\",\n      response: \"Lack of career growth opportunities\"\n    }, {\n      questionText: \"Would you recommend this company to others?\",\n      response: \"Yes, with some reservations\"\n    }]\n  }\n}).then(response => {\n  expect(response.status).to.eq(200);\n});",
              "err": {
                "message": "CypressError: `cy.request()` failed on:\n\nhttp://localhost:8080/api/user/responses\n\nThe response we received from your web server was:\n\n  > 401: Unauthorized\n\nThis was considered a failure because the status code was not `2xx` or `3xx`.\n\nIf you do not want status codes to cause failures pass the option: `failOnStatusCode: false`\n\n-----------------------------------------------------------\n\nThe request we sent was:\n\nMethod: POST\nURL: http://localhost:8080/api/user/responses\nHeaders: {\n  \"Connection\": \"keep-alive\",\n  \"Authorization\": \"eyJhbGciOiJIUzI1NiIsInR5cCI6IkpXVCJ9.eyJ1c2VySWQiOiJmZDE1Mzg5MC0yM2Q5LTQxYTMtYThjMC1iZDFhMzgwMzE1NGMiLCJ1c2VybmFtZSI6ImVtcF8xNzUxMzAyNDE2NjU4Iiwicm9sZSI6ImVtcGxveWVlIiwiaWF0IjoxNzUxMzAyNDE2LCJleHAiOjE3NTEzODg4MTZ9.4J1SqLJ3tb8YDWq-M5oOsUVWZVz02Q9sej3Qt3OSELg\",\n  \"user-agent\": \"Mozilla/5.0 (X11; Linux x86_64) AppleWebKit/537.36 (KHTML, like Gecko) Cypress/13.17.0 Chrome/118.0.5993.159 Electron/27.3.10 Safari/537.36\",\n  \"accept\": \"*/*\",\n  \"accept-encoding\": \"gzip, deflate\",\n  \"content-type\": \"application/json\",\n  \"content-length\": 239\n}\nBody: {\"responses\":[{\"questionText\":\"What prompted you to start looking for another job?\",\"response\":\"Lack of career growth opportunities\"},{\"questionText\":\"Would you recommend this company to others?\",\"response\":\"Yes, with some reservations\"}]}\n\n-----------------------------------------------------------\n\nThe response we got was:\n\nStatus: 401 - Unauthorized\nHeaders: {\n  \"x-powered-by\": \"Express\",\n  \"content-type\": \"application/json; charset=utf-8\",\n  \"content-length\": \"33\",\n  \"etag\": \"W/\\\"21-6owo7T9qtYgtRGCCIjw6WxSIQI4\\\"\",\n  \"date\": \"Mon, 30 Jun 2025 16:53:37 GMT\",\n  \"connection\": \"keep-alive\",\n  \"keep-alive\": \"timeout=5\"\n}\nBody: {\n  \"error\": \"Access token required\"\n}\n\n\nhttps://on.cypress.io/request",
                "estack": "CypressError: `cy.request()` failed on:\n\nhttp://localhost:8080/api/user/responses\n\nThe response we received from your web server was:\n\n  > 401: Unauthorized\n\nThis was considered a failure because the status code was not `2xx` or `3xx`.\n\nIf you do not want status codes to cause failures pass the option: `failOnStatusCode: false`\n\n-----------------------------------------------------------\n\nThe request we sent was:\n\nMethod: POST\nURL: http://localhost:8080/api/user/responses\nHeaders: {\n  \"Connection\": \"keep-alive\",\n  \"Authorization\": \"eyJhbGciOiJIUzI1NiIsInR5cCI6IkpXVCJ9.eyJ1c2VySWQiOiJmZDE1Mzg5MC0yM2Q5LTQxYTMtYThjMC1iZDFhMzgwMzE1NGMiLCJ1c2VybmFtZSI6ImVtcF8xNzUxMzAyNDE2NjU4Iiwicm9sZSI6ImVtcGxveWVlIiwiaWF0IjoxNzUxMzAyNDE2LCJleHAiOjE3NTEzODg4MTZ9.4J1SqLJ3tb8YDWq-M5oOsUVWZVz02Q9sej3Qt3OSELg\",\n  \"user-agent\": \"Mozilla/5.0 (X11; Linux x86_64) AppleWebKit/537.36 (KHTML, like Gecko) Cypress/13.17.0 Chrome/118.0.5993.159 Electron/27.3.10 Safari/537.36\",\n  \"accept\": \"*/*\",\n  \"accept-encoding\": \"gzip, deflate\",\n  \"content-type\": \"application/json\",\n  \"content-length\": 239\n}\nBody: {\"responses\":[{\"questionText\":\"What prompted you to start looking for another job?\",\"response\":\"Lack of career growth opportunities\"},{\"questionText\":\"Would you recommend this company to others?\",\"response\":\"Yes, with some reservations\"}]}\n\n-----------------------------------------------------------\n\nThe response we got was:\n\nStatus: 401 - Unauthorized\nHeaders: {\n  \"x-powered-by\": \"Express\",\n  \"content-type\": \"application/json; charset=utf-8\",\n  \"content-length\": \"33\",\n  \"etag\": \"W/\\\"21-6owo7T9qtYgtRGCCIjw6WxSIQI4\\\"\",\n  \"date\": \"Mon, 30 Jun 2025 16:53:37 GMT\",\n  \"connection\": \"keep-alive\",\n  \"keep-alive\": \"timeout=5\"\n}\nBody: {\n  \"error\": \"Access token required\"\n}\n\n\nhttps://on.cypress.io/request\n    at <unknown> (http://localhost:8080/__cypress/runner/cypress_runner.js:132876:72)\n    at tryCatcher (http://localhost:8080/__cypress/runner/cypress_runner.js:1830:23)\n    at Promise._settlePromiseFromHandler (http://localhost:8080/__cypress/runner/cypress_runner.js:1542:31)\n    at Promise._settlePromise (http://localhost:8080/__cypress/runner/cypress_runner.js:1599:18)\n    at Promise._settlePromise0 (http://localhost:8080/__cypress/runner/cypress_runner.js:1644:10)\n    at Promise._settlePromises (http://localhost:8080/__cypress/runner/cypress_runner.js:1724:18)\n    at _drainQueueStep (http://localhost:8080/__cypress/runner/cypress_runner.js:2430:12)\n    at _drainQueue (http://localhost:8080/__cypress/runner/cypress_runner.js:2423:9)\n    at Async._drainQueues (http://localhost:8080/__cypress/runner/cypress_runner.js:2439:5)\n    at Async.drainQueues (http://localhost:8080/__cypress/runner/cypress_runner.js:2309:14)\nFrom Your Spec Code:\n    at Context.eval (webpack://exitease/./cypress/integration/backend/backendTests.spec.js:96:7)",
                "diff": null
              },
              "uuid": "45273027-34b5-4cb1-8ef2-a741932296ef",
              "parentUUID": "e74ac084-8528-43c8-8fc3-2e125ed706aa",
              "isHook": false,
              "skipped": false
            },
            {
              "title": "should allow the admin to view all questionnaire responses",
              "fullTitle": "Backend API Tests for Employee and Admin Role should allow the admin to view all questionnaire responses",
              "timedOut": null,
              "duration": 203,
              "state": "failed",
              "speed": null,
              "pass": false,
              "fail": true,
              "pending": false,
              "context": null,
              "code": "const token = Cypress.env(\"adminAuthToken\"); // Retrieve admin token from Cypress environment variable\ncy.request({\n  method: \"GET\",\n  url: `${apiUrl}/admin/exit_responses`,\n  headers: {\n    Authorization: `${token}`\n  }\n}).then(response => {\n  expect(response.status).to.eq(200);\n  expect(response.body.data).to.be.an(\"array\");\n  // Find the specific response data that matches the expected responses\n  const expectedResponses = [{\n    questionText: \"What prompted you to start looking for another job?\",\n    response: \"Lack of career growth opportunities\"\n  }, {\n    questionText: \"Would you recommend this company to others?\",\n    response: \"Yes, with some reservations\"\n  }];\n  // Check if any of the data array includes the expected responses\n  const hasExpectedResponses = response.body.data.some(item => {\n    return item.responses.length === expectedResponses.length && item.responses.every((resp, index) => {\n      return resp.questionText === expectedResponses[index].questionText && resp.response === expectedResponses[index].response;\n    });\n  });\n  // Assert that the expected responses exist in the data\n  expect(hasExpectedResponses).to.be.true;\n});",
              "err": {
                "message": "CypressError: `cy.request()` failed on:\n\nhttp://localhost:8080/api/admin/exit_responses\n\nThe response we received from your web server was:\n\n  > 401: Unauthorized\n\nThis was considered a failure because the status code was not `2xx` or `3xx`.\n\nIf you do not want status codes to cause failures pass the option: `failOnStatusCode: false`\n\n-----------------------------------------------------------\n\nThe request we sent was:\n\nMethod: GET\nURL: http://localhost:8080/api/admin/exit_responses\nHeaders: {\n  \"Connection\": \"keep-alive\",\n  \"Authorization\": \"eyJhbGciOiJIUzI1NiIsInR5cCI6IkpXVCJ9.eyJ1c2VySWQiOiIxZTVkMWE4ZC03MGFlLTRjYzYtOGM1Ni0xMWY1ZjBiYWExYTAiLCJ1c2VybmFtZSI6ImFkbWluIiwicm9sZSI6ImFkbWluIiwiaWF0IjoxNzUxMzAyNDE3LCJleHAiOjE3NTEzODg4MTd9.GlFQUVcfefYGaXe21D94ZdCt7pYzLenyAG51gzMACHc\",\n  \"user-agent\": \"Mozilla/5.0 (X11; Linux x86_64) AppleWebKit/537.36 (KHTML, like Gecko) Cypress/13.17.0 Chrome/118.0.5993.159 Electron/27.3.10 Safari/537.36\",\n  \"accept\": \"*/*\",\n  \"accept-encoding\": \"gzip, deflate\"\n}\n\n-----------------------------------------------------------\n\nThe response we got was:\n\nStatus: 401 - Unauthorized\nHeaders: {\n  \"x-powered-by\": \"Express\",\n  \"content-type\": \"application/json; charset=utf-8\",\n  \"content-length\": \"33\",\n  \"etag\": \"W/\\\"21-6owo7T9qtYgtRGCCIjw6WxSIQI4\\\"\",\n  \"date\": \"Mon, 30 Jun 2025 16:53:38 GMT\",\n  \"connection\": \"keep-alive\",\n  \"keep-alive\": \"timeout=5\"\n}\nBody: {\n  \"error\": \"Access token required\"\n}\n\n\nhttps://on.cypress.io/request",
                "estack": "CypressError: `cy.request()` failed on:\n\nhttp://localhost:8080/api/admin/exit_responses\n\nThe response we received from your web server was:\n\n  > 401: Unauthorized\n\nThis was considered a failure because the status code was not `2xx` or `3xx`.\n\nIf you do not want status codes to cause failures pass the option: `failOnStatusCode: false`\n\n-----------------------------------------------------------\n\nThe request we sent was:\n\nMethod: GET\nURL: http://localhost:8080/api/admin/exit_responses\nHeaders: {\n  \"Connection\": \"keep-alive\",\n  \"Authorization\": \"eyJhbGciOiJIUzI1NiIsInR5cCI6IkpXVCJ9.eyJ1c2VySWQiOiIxZTVkMWE4ZC03MGFlLTRjYzYtOGM1Ni0xMWY1ZjBiYWExYTAiLCJ1c2VybmFtZSI6ImFkbWluIiwicm9sZSI6ImFkbWluIiwiaWF0IjoxNzUxMzAyNDE3LCJleHAiOjE3NTEzODg4MTd9.GlFQUVcfefYGaXe21D94ZdCt7pYzLenyAG51gzMACHc\",\n  \"user-agent\": \"Mozilla/5.0 (X11; Linux x86_64) AppleWebKit/537.36 (KHTML, like Gecko) Cypress/13.17.0 Chrome/118.0.5993.159 Electron/27.3.10 Safari/537.36\",\n  \"accept\": \"*/*\",\n  \"accept-encoding\": \"gzip, deflate\"\n}\n\n-----------------------------------------------------------\n\nThe response we got was:\n\nStatus: 401 - Unauthorized\nHeaders: {\n  \"x-powered-by\": \"Express\",\n  \"content-type\": \"application/json; charset=utf-8\",\n  \"content-length\": \"33\",\n  \"etag\": \"W/\\\"21-6owo7T9qtYgtRGCCIjw6WxSIQI4\\\"\",\n  \"date\": \"Mon, 30 Jun 2025 16:53:38 GMT\",\n  \"connection\": \"keep-alive\",\n  \"keep-alive\": \"timeout=5\"\n}\nBody: {\n  \"error\": \"Access token required\"\n}\n\n\nhttps://on.cypress.io/request\n    at <unknown> (http://localhost:8080/__cypress/runner/cypress_runner.js:132876:72)\n    at tryCatcher (http://localhost:8080/__cypress/runner/cypress_runner.js:1830:23)\n    at Promise._settlePromiseFromHandler (http://localhost:8080/__cypress/runner/cypress_runner.js:1542:31)\n    at Promise._settlePromise (http://localhost:8080/__cypress/runner/cypress_runner.js:1599:18)\n    at Promise._settlePromise0 (http://localhost:8080/__cypress/runner/cypress_runner.js:1644:10)\n    at Promise._settlePromises (http://localhost:8080/__cypress/runner/cypress_runner.js:1724:18)\n    at _drainQueueStep (http://localhost:8080/__cypress/runner/cypress_runner.js:2430:12)\n    at _drainQueue (http://localhost:8080/__cypress/runner/cypress_runner.js:2423:9)\n    at Async._drainQueues (http://localhost:8080/__cypress/runner/cypress_runner.js:2439:5)\n    at Async.drainQueues (http://localhost:8080/__cypress/runner/cypress_runner.js:2309:14)\nFrom Your Spec Code:\n    at Context.eval (webpack://exitease/./cypress/integration/backend/backendTests.spec.js:122:7)",
                "diff": null
              },
              "uuid": "3002ca22-d021-4fa5-8ed9-423b4a582b6b",
              "parentUUID": "e74ac084-8528-43c8-8fc3-2e125ed706aa",
              "isHook": false,
              "skipped": false
            }
          ],
          "suites": [],
          "passes": [
            "ae9468f5-47e6-43e2-a75e-7167fefaafd9",
            "e2aafafe-4055-41b8-a3cb-934d0591501b",
            "885ab854-cc6f-4884-8c70-5514a22c57a3",
            "49a86d6c-b62e-425d-a81c-8b87972233bb"
          ],
          "failures": [
            "71edbeb5-9012-4641-91d0-4e0b8ca6cdc1",
            "cb64e76f-649e-4b35-9f82-5bd030cd54f2",
            "45273027-34b5-4cb1-8ef2-a741932296ef",
            "3002ca22-d021-4fa5-8ed9-423b4a582b6b"
          ],
          "pending": [],
          "skipped": [],
          "duration": 1276,
          "root": false,
          "rootEmpty": false,
          "_timeout": 2000
        }
      ],
      "passes": [],
      "failures": [],
      "pending": [],
      "skipped": [],
      "duration": 0,
      "root": true,
      "rootEmpty": true,
      "_timeout": 2000
    }
  ],
  "meta": {
    "mocha": {
      "version": "7.0.1"
    },
    "mochawesome": {
      "options": {
        "quiet": false,
        "reportFilename": "my-report",
        "saveHtml": true,
        "saveJson": true,
        "consoleReporter": "spec",
        "useInlineDiffs": false,
        "code": true
      },
      "version": "7.1.3"
    },
    "marge": {
      "options": {
        "charts": true,
        "json": true,
        "reportsDir": "reports/your-reports-folder",
        "reportFilename": "my-report",
        "overwrite": false
      },
      "version": "6.2.0"
    }
  }
}